<?xml version="1.0" encoding="UTF-8"?>
<!-- Generated by org.testng.reporters.JUnitReportReporter -->
<testsuite hostname="Ameet" failures="0" tests="8" name="testcases.RestAssured_TestCases_PL1" time="31.663" errors="0" timestamp="2025-07-10T13:48:37 IST" skipped="0">
  <testcase classname="testcases.RestAssured_TestCases_PL1" name="getAllStocksTest" time="25.207"/>
  <testcase classname="testcases.RestAssured_TestCases_PL1" name="getMainStoreTest" time="1.883"/>
  <testcase classname="testcases.RestAssured_TestCases_PL1" name="getRequisitionByDateRangeTest" time="1.044"/>
  <testcase classname="testcases.RestAssured_TestCases_PL1" name="getPatientConsumptionsTest" time="0.799"/>
  <testcase classname="testcases.RestAssured_TestCases_PL1" name="getPatientConsumptionInfoTest" time="0.691"/>
  <testcase classname="testcases.RestAssured_TestCases_PL1" name="getBillingSchemeBySchemeIdTest" time="0.723"/>
  <testcase classname="testcases.RestAssured_TestCases_PL1" name="getBillingSummaryByPatientIdTest" time="0.638"/>
  <testcase classname="testcases.RestAssured_TestCases_PL1" name="getConsumptionsListOfAPatientByIdTest" time="0.678"/>
</testsuite> <!-- testcases.RestAssured_TestCases_PL1 -->
