<?xml version="1.0" encoding="UTF-8"?>
<!-- Generated by org.testng.reporters.JUnitReportReporter -->
<testsuite hostname="Ameet" failures="0" tests="11" name="testcases.RestAssured_TestCases" time="113.151" errors="0" timestamp="2025-07-11T12:56:55 IST" skipped="0">
  <testcase classname="testcases.RestAssured_TestCases" name="loginWithSeleniumAndGetCookie" time="69.856"/>
  <testcase classname="testcases.RestAssured_TestCases" name="GetHolidayData" time="20.711"/>
  <testcase classname="testcases.RestAssured_TestCases" name="GetLeaveData" time="1.070"/>
  <testcase classname="testcases.RestAssured_TestCases" name="GetEmpCount" time="1.362"/>
  <testcase classname="testcases.RestAssured_TestCases" name="GetLeaveType" time="1.159"/>
  <testcase classname="testcases.RestAssured_TestCases" name="GetUsageReport" time="1.088"/>
  <testcase classname="testcases.RestAssured_TestCases" name="PutTerminationReason" time="6.977"/>
  <testcase classname="testcases.RestAssured_TestCases" name="DeletePim" time="4.206"/>
  <testcase classname="testcases.RestAssured_TestCases" name="PostPimEmp" time="1.713"/>
  <testcase classname="testcases.RestAssured_TestCases" name="PutVimEmp" time="2.778"/>
  <testcase classname="testcases.RestAssured_TestCases" name="DeletePimEmp" time="2.231"/>
</testsuite> <!-- testcases.RestAssured_TestCases -->
